Simpler command that should work:
D:\Projects>mvn andromdapp:generate

But right now, this command works:
D:\Projects>mvn org.andromda.maven.plugins:andromdapp-maven-plugin:generate
[INFO] Scanning for projects...
[INFO] Searching repository for plugin with prefix: 'andromdapp'.
[INFO] ----------------------------------------------------------------------------
[INFO] Building Maven Default Project
[INFO]    task-segment: [andromdapp:generate] (aggregator-style)
[INFO] ----------------------------------------------------------------------------
[INFO] [andromdapp:generate]
INFO  [AndroMDA] discovered andromdapp type --> 'richclient'
INFO  [AndroMDA] discovered andromdapp type --> 'j2ee'

Please choose the type of application to generate [richclient, j2ee]
j2ee

Please enter the location in which your new application will be created (i.e. f:/java/development):
D:/Projects

Please enter your first and last name (i.e. Chad Brandon):
Naresh Bhatia

Which kind of modeling tool will you use? [uml1.4, uml2, emf-uml2]:
uml1.4

Please enter the name of your J2EE project (i.e. Animal Quiz):
TimeTracker

Please enter an id for your J2EE project (i.e. animalquiz):
timetracker

Please enter a version for your project (i.e. 1.0-SNAPSHOT):
1.0-SNAPSHOT

Please enter the root package name for your J2EE project (i.e. org.andromda.samples.animalquiz):
org.andromda.timetracker

Would you like an EAR or standalone WAR? [ear, war]:
ear

Please enter the type of transactional/persistence cartridge to use [hibernate, ejb, ejb3, spring, none]:
spring

Please enter the database backend for the persistence layer [hypersonic, mysql, oracle, db2, informix, mssql, pointbase,
 postgres, sybase, sabdb, progress, derby]:
mysql

Will your project need workflow engine capabilities? (it uses jBPM and Hibernate3)? [yes, no]:
no

Please enter the hibernate version number (enter '2' for 2.1.x or '3' for 3.0.x) [2, 3]:
3

Will your project have a web user interface? [yes, no]:
yes

Would you like your web user interface to use JSF or Struts? [jsf, struts]:
struts

Would you like to be able to expose your services as web services? [yes, no]:
no
-------------------------------------------------------------------------------------
    G e n e r a t i n g   A n d r o M D A   P o w e r e d   A p p l i c a t i o n
-------------------------------------------------------------------------------------
    Output: 'file:/D:/Projects/timetracker/app/pom.xml'
    Output: 'file:/D:/Projects/timetracker/app/src/main/application/META-INF/jboss-app.xml'
    Output: 'file:/D:/Projects/timetracker/app/src/main/config/timetracker-ds.xml'
    Output: 'file:/D:/Projects/timetracker/common/pom.xml'
    Output: 'file:/D:/Projects/timetracker/core/target/classes/META-INF/ejb-jar.xml'
    Output: 'file:/D:/Projects/timetracker/core/pom.xml'
    Output: 'file:/D:/Projects/timetracker/mda/pom.xml'
    Output: 'file:/D:/Projects/timetracker/mda/src/main/config/andromda.xml'
    Output: 'file:/D:/Projects/timetracker/mda/src/main/config/mappings/WebMergeMappings.xml'
    Output: 'file:/D:/Projects/timetracker/mda/src/main/uml/timetracker.xmi'
    Output: 'file:/D:/Projects/timetracker/pom.xml'
    Output: 'file:/D:/Projects/timetracker/readme.txt'
    Output: 'file:/D:/Projects/timetracker/web/pom.xml'
    Output: 'file:/D:/Projects/timetracker/web/src/main/properties/messages.properties'
    Output: 'file:/D:/Projects/timetracker/web/target/timetracker-web-1.0-SNAPSHOT/WEB-INF/web.xml'
-------------------------------------------------------------------------------------
    New application generated to --> 'file:/D:/Projects/timetracker/'
    Instructions for your new application --> 'file:/D:/Projects/timetracker/readme.txt'
-------------------------------------------------------------------------------------
[INFO] ------------------------------------------------------------------------
[INFO] BUILD SUCCESSFUL
[INFO] ------------------------------------------------------------------------
[INFO] Total time: 3 minutes 45 seconds
[INFO] Finished at: Sat May 20 21:47:51 EDT 2006
[INFO] Final Memory: 9M/22M
[INFO] ------------------------------------------------------------------------

D:\Projects>