Building documentation...
Initializing...
Merging XML documentation...
Building file mapping...
Loading XSLT files...
    namespace.xslt
    namespacehierarchy.xslt
    type.xslt
    typehierarchy.xslt
    allmembers.xslt
    individualmembers.xslt
    event.xslt
    member.xslt
    memberoverload.xslt
    property.xslt
    field.xslt
    htmlcontents.xslt
Generating HTML pages...
AndroMDA.ScenarioUnit.html
AndroMDA.ScenarioUnitHierarchy.html
AndroMDA.ScenarioUnit.CodeAsserterAttribute.html
AndroMDA.ScenarioUnit.CodeAsserterAttributeMembers.html
AndroMDA.ScenarioUnit.CodeAsserterAttributeConstructor.html
AndroMDA.ScenarioUnit.CodeAsserterAttributeProperties.html
AndroMDA.ScenarioUnit.CodeAsserterAttribute.AsserterMethodName.html
AndroMDA.ScenarioUnit.CodeAsserterAttributeMethods.html
AndroMDA.ScenarioUnit.CodeAsserterAttribute.AssertOutput.html
AndroMDA.ScenarioUnit.CodeDataProviderAttribute.html
AndroMDA.ScenarioUnit.CodeDataProviderAttributeMembers.html
AndroMDA.ScenarioUnit.CodeDataProviderAttributeConstructor.html
AndroMDA.ScenarioUnit.CodeDataProviderAttributeProperties.html
AndroMDA.ScenarioUnit.CodeDataProviderAttribute.DataMethodName.html
AndroMDA.ScenarioUnit.CodeDataProviderAttributeMethods.html
AndroMDA.ScenarioUnit.CodeDataProviderAttribute.GetData.html
AndroMDA.ScenarioUnit.IAsserter.html
AndroMDA.ScenarioUnit.IAsserterMembers.html
AndroMDA.ScenarioUnit.IAsserterMethods.html
AndroMDA.ScenarioUnit.IAsserter.AssertOutput.html
AndroMDA.ScenarioUnit.IDataProvider.html
AndroMDA.ScenarioUnit.IDataProviderMembers.html
AndroMDA.ScenarioUnit.IDataProviderMethods.html
AndroMDA.ScenarioUnit.IDataProvider.GetData.html
AndroMDA.ScenarioUnit.TestScenarioHelper.html
AndroMDA.ScenarioUnit.TestScenarioHelperMembers.html
AndroMDA.ScenarioUnit.TestScenarioHelperConstructor.html
AndroMDA.ScenarioUnit.TestScenarioHelperMethods.html
AndroMDA.ScenarioUnit.TestScenarioHelper.Invoke.html
AndroMDA.ScenarioUnit.XMLAsserterAttribute.html
AndroMDA.ScenarioUnit.XMLAsserterAttributeMembers.html
AndroMDA.ScenarioUnit.XMLAsserterAttributeConstructor.html
AndroMDA.ScenarioUnit.XMLAsserterAttributeProperties.html
AndroMDA.ScenarioUnit.XMLAsserterAttribute.ActualOutputDir.html
AndroMDA.ScenarioUnit.XMLAsserterAttribute.ExpectedOutputDir.html
AndroMDA.ScenarioUnit.XMLAsserterAttribute.RulesDir.html
AndroMDA.ScenarioUnit.XMLAsserterAttributeMethods.html
AndroMDA.ScenarioUnit.XMLAsserterAttribute.AssertOutput.html
AndroMDA.ScenarioUnit.XMLDataProviderAttribute.html
AndroMDA.ScenarioUnit.XMLDataProviderAttributeMembers.html
AndroMDA.ScenarioUnit.XMLDataProviderAttributeConstructor.html
AndroMDA.ScenarioUnit.XMLDataProviderAttributeProperties.html
AndroMDA.ScenarioUnit.XMLDataProviderAttribute.InputDir.html
AndroMDA.ScenarioUnit.XMLDataProviderAttributeMethods.html
AndroMDA.ScenarioUnit.XMLDataProviderAttribute.GetData.html
Generating HTML content file...
transform the HHC contents file into html
Compiling HTML Help file...
Compiling Html Help file
Microsoft HTML Help Compiler 4.74.8702

Compiling d:\vss\androMDA\andromda-plugins\etc\andromda-dotnet\AndroMDA.ScenarioUnit\doc\ndoc_msdn_temp\AndroMDA.ScenarioUnit documentation.chm


Compile time: 0 minutes, 2 seconds
47	Topics
330	Local links
0	Internet links
4	Graphics


Created d:\vss\androMDA\andromda-plugins\etc\andromda-dotnet\AndroMDA.ScenarioUnit\doc\ndoc_msdn_temp\AndroMDA.ScenarioUnit documentation.chm, 64,188 bytes
Compression decreased file by 218,409 bytes.

Html Help compile complete
Writing documentation to output path
Done.
